Release 14.7 - xst P.20131013 (nt64)
Copyright (c) 1995-2013 Xilinx, Inc.  All rights reserved.
--> Parameter TMPDIR set to xst/projnav.tmp


Total REAL time to Xst completion: 1.00 secs
Total CPU time to Xst completion: 0.73 secs
 
--> Parameter xsthdpdir set to xst


Total REAL time to Xst completion: 1.00 secs
Total CPU time to Xst completion: 0.73 secs
 
--> Reading design: ALU.prj

TABLE OF CONTENTS
  1) Synthesis Options Summary
  2) HDL Parsing
  3) HDL Elaboration
  4) HDL Synthesis
       4.1) HDL Synthesis Report
  5) Advanced HDL Synthesis
       5.1) Advanced HDL Synthesis Report
  6) Low Level Synthesis
  7) Partition Report
  8) Design Summary
       8.1) Primitive and Black Box Usage
       8.2) Device utilization summary
       8.3) Partition Resource Summary
       8.4) Timing Report
            8.4.1) Clock Information
            8.4.2) Asynchronous Control Signals Information
            8.4.3) Timing Summary
            8.4.4) Timing Details
            8.4.5) Cross Clock Domains Report


=========================================================================
*                      Synthesis Options Summary                        *
=========================================================================
---- Source Parameters
Input File Name                    : "ALU.prj"
Ignore Synthesis Constraint File   : NO

---- Target Parameters
Output File Name                   : "ALU"
Output Format                      : NGC
Target Device                      : xc6slx16-3-csg324

---- Source Options
Top Module Name                    : ALU
Automatic FSM Extraction           : YES
FSM Encoding Algorithm             : Auto
Safe Implementation                : No
FSM Style                          : LUT
RAM Extraction                     : Yes
RAM Style                          : Auto
ROM Extraction                     : Yes
Shift Register Extraction          : YES
ROM Style                          : Auto
Resource Sharing                   : YES
Asynchronous To Synchronous        : NO
Shift Register Minimum Size        : 2
Use DSP Block                      : Auto
Automatic Register Balancing       : No

---- Target Options
LUT Combining                      : Auto
Reduce Control Sets                : Auto
Add IO Buffers                     : YES
Global Maximum Fanout              : 100000
Add Generic Clock Buffer(BUFG)     : 16
Register Duplication               : YES
Optimize Instantiated Primitives   : NO
Use Clock Enable                   : Auto
Use Synchronous Set                : Auto
Use Synchronous Reset              : Auto
Pack IO Registers into IOBs        : Auto
Equivalent register Removal        : YES

---- General Options
Optimization Goal                  : Speed
Optimization Effort                : 1
Power Reduction                    : NO
Keep Hierarchy                     : No
Netlist Hierarchy                  : As_Optimized
RTL Output                         : Yes
Global Optimization                : AllClockNets
Read Cores                         : YES
Write Timing Constraints           : NO
Cross Clock Analysis               : NO
Hierarchy Separator                : /
Bus Delimiter                      : <>
Case Specifier                     : Maintain
Slice Utilization Ratio            : 100
BRAM Utilization Ratio             : 100
DSP48 Utilization Ratio            : 100
Auto BRAM Packing                  : NO
Slice Utilization Ratio Delta      : 5

=========================================================================


=========================================================================
*                          HDL Parsing                                  *
=========================================================================
Analyzing Verilog file "C:\Users\Max\Documents\School\Classes\ECE3710\ece-3710\final\ALU.v" into library work
Parsing module <ALU>.

=========================================================================
*                            HDL Elaboration                            *
=========================================================================

Elaborating module <ALU>.

=========================================================================
*                           HDL Synthesis                               *
=========================================================================

Synthesizing Unit <ALU>.
    Related source file is "C:\Users\Max\Documents\School\Classes\ECE3710\ece-3710\final\ALU.v".
        ADD = 4'b0101
        ADDU = 4'b0110
        ADDC = 4'b0111
        ADDCU = 4'b0001
        SUB = 4'b1001
        CMP = 4'b1011
        CMPU = 4'b1000
        AND = 4'b1111
        OR = 4'b0010
        XOR = 4'b0011
        NOT = 4'b1010
        LSH = 4'b0100
        RSH = 4'b1100
        MULT = 4'b1110
        MULTI = 4'b1110
    Found 17-bit subtractor for signal <GND_1_o_GND_1_o_sub_9_OUT> created at line 97.
    Found 17-bit adder for signal <n0064> created at line 75.
    Found 17-bit adder for signal <BUS_0003_GND_1_o_add_4_OUT> created at line 75.
    Found 16-bit shifter logical left for signal <input1[15]_input2[15]_shift_left_17_OUT> created at line 167
    Found 16-bit shifter logical right for signal <input1[15]_input2[15]_shift_right_18_OUT> created at line 173
    Found 16x16-bit multiplier for signal <n0053> created at line 179.
    Found 16-bit 16-to-1 multiplexer for signal <result> created at line 51.
    Found 16-bit comparator greater for signal <input1[15]_input2[15]_LessThan_10_o> created at line 108
    Found 16-bit comparator equal for signal <input1[15]_input2[15]_equal_11_o> created at line 113
    Found 16-bit comparator greater for signal <input2[15]_input1[15]_LessThan_12_o> created at line 125
    Summary:
	inferred   1 Multiplier(s).
	inferred   3 Adder/Subtractor(s).
	inferred   3 Comparator(s).
	inferred  26 Multiplexer(s).
	inferred   2 Combinational logic shifter(s).
Unit <ALU> synthesized.

=========================================================================
HDL Synthesis Report

Macro Statistics
# Multipliers                                          : 1
 16x16-bit multiplier                                  : 1
# Adders/Subtractors                                   : 3
 17-bit adder                                          : 2
 17-bit subtractor                                     : 1
# Comparators                                          : 3
 16-bit comparator equal                               : 1
 16-bit comparator greater                             : 2
# Multiplexers                                         : 26
 1-bit 2-to-1 multiplexer                              : 23
 16-bit 16-to-1 multiplexer                            : 1
 16-bit 2-to-1 multiplexer                             : 2
# Logic shifters                                       : 2
 16-bit shifter logical left                           : 1
 16-bit shifter logical right                          : 1
# Xors                                                 : 1
 16-bit xor2                                           : 1

=========================================================================

=========================================================================
*                       Advanced HDL Synthesis                          *
=========================================================================


=========================================================================
Advanced HDL Synthesis Report

Macro Statistics
# Multipliers                                          : 1
 16x16-bit multiplier                                  : 1
# Adders/Subtractors                                   : 3
 17-bit adder                                          : 2
 17-bit subtractor                                     : 1
# Comparators                                          : 3
 16-bit comparator equal                               : 1
 16-bit comparator greater                             : 2
# Multiplexers                                         : 25
 1-bit 2-to-1 multiplexer                              : 22
 16-bit 16-to-1 multiplexer                            : 1
 16-bit 2-to-1 multiplexer                             : 2
# Logic shifters                                       : 2
 16-bit shifter logical left                           : 1
 16-bit shifter logical right                          : 1
# Xors                                                 : 1
 16-bit xor2                                           : 1

=========================================================================

=========================================================================
*                         Low Level Synthesis                           *
=========================================================================

Optimizing unit <ALU> ...

Mapping all equations...
Building and optimizing final netlist ...
Found area constraint ratio of 100 (+ 5) on block ALU, actual ratio is 4.

Final Macro Processing ...

=========================================================================
Final Register Report

Found no macro
=========================================================================

=========================================================================
*                           Partition Report                            *
=========================================================================

Partition Implementation Status
-------------------------------

  No Partitions were found in this design.

-------------------------------

=========================================================================
*                            Design Summary                             *
=========================================================================

Top Level Output File Name         : ALU.ngc

Primitive and Black Box Usage:
------------------------------
# BELS                             : 377
#      GND                         : 1
#      LUT1                        : 16
#      LUT2                        : 37
#      LUT3                        : 16
#      LUT4                        : 46
#      LUT5                        : 45
#      LUT6                        : 96
#      MUXCY                       : 68
#      MUXF7                       : 1
#      VCC                         : 1
#      XORCY                       : 50
# IO Buffers                       : 62
#      IBUF                        : 41
#      OBUF                        : 21
# DSPs                             : 1
#      DSP48A1                     : 1

Device utilization summary:
---------------------------

Selected Device : 6slx16csg324-3 


Slice Logic Utilization: 
 Number of Slice LUTs:                  256  out of   9112     2%  
    Number used as Logic:               256  out of   9112     2%  

Slice Logic Distribution: 
 Number of LUT Flip Flop pairs used:    256
   Number with an unused Flip Flop:     256  out of    256   100%  
   Number with an unused LUT:             0  out of    256     0%  
   Number of fully used LUT-FF pairs:     0  out of    256     0%  
   Number of unique control sets:         0

IO Utilization: 
 Number of IOs:                          62
 Number of bonded IOBs:                  62  out of    232    26%  

Specific Feature Utilization:
 Number of DSP48A1s:                      1  out of     32     3%  

---------------------------
Partition Resource Summary:
---------------------------

  No Partitions were found in this design.

---------------------------


=========================================================================
Timing Report

NOTE: THESE TIMING NUMBERS ARE ONLY A SYNTHESIS ESTIMATE.
      FOR ACCURATE TIMING INFORMATION PLEASE REFER TO THE TRACE REPORT
      GENERATED AFTER PLACE-and-ROUTE.

Clock Information:
------------------
No clock signals found in this design

Asynchronous Control Signals Information:
----------------------------------------
No asynchronous control signals found in this design

Timing Summary:
---------------
Speed Grade: -3

   Minimum period: No path found
   Minimum input arrival time before clock: No path found
   Maximum output required time after clock: No path found
   Maximum combinational path delay: 10.871ns

Timing Details:
---------------
All values displayed in nanoseconds (ns)

=========================================================================
Timing constraint: Default path analysis
  Total number of paths / destination ports: 9302 / 21
-------------------------------------------------------------------------
Delay:               10.871ns (Levels of Logic = 5)
  Source:            input1<9> (PAD)
  Destination:       result<15> (PAD)

  Data Path: input1<9> to result<15>
                                Gate     Net
    Cell:in->out      fanout   Delay   Delay  Logical Name (Net Name)
    ----------------------------------------  ------------
     IBUF:I->O            20   1.222   1.092  input1_9_IBUF (input1_9_IBUF)
     DSP48A1:B9->M15       1   3.364   0.808  Mmult_n0053 (n0053<15>)
     LUT6:I3->O            1   0.205   0.827  Mmux_result_86 (Mmux_result_86)
     LUT6:I2->O            1   0.203   0.579  op<3>61 (result_15_OBUF)
     OBUF:I->O                 2.571          result_15_OBUF (result<15>)
    ----------------------------------------
    Total                     10.871ns (7.565ns logic, 3.306ns route)
                                       (69.6% logic, 30.4% route)

=========================================================================

Cross Clock Domains Report:
--------------------------

=========================================================================


Total REAL time to Xst completion: 28.00 secs
Total CPU time to Xst completion: 27.65 secs
 
--> 

Total memory usage is 252300 kilobytes

Number of errors   :    0 (   0 filtered)
Number of warnings :    0 (   0 filtered)
Number of infos    :    0 (   0 filtered)

