Release 14.7 - xst P.20131013 (nt64)
Copyright (c) 1995-2013 Xilinx, Inc.  All rights reserved.
--> Parameter TMPDIR set to xst/projnav.tmp


Total REAL time to Xst completion: 0.00 secs
Total CPU time to Xst completion: 0.09 secs
 
--> Parameter xsthdpdir set to xst


Total REAL time to Xst completion: 0.00 secs
Total CPU time to Xst completion: 0.10 secs
 
--> Reading design: Mux16.prj

TABLE OF CONTENTS
  1) Synthesis Options Summary
  2) HDL Parsing
  3) HDL Elaboration
  4) HDL Synthesis
       4.1) HDL Synthesis Report
  5) Advanced HDL Synthesis
       5.1) Advanced HDL Synthesis Report
  6) Low Level Synthesis
  7) Partition Report
  8) Design Summary
       8.1) Primitive and Black Box Usage
       8.2) Device utilization summary
       8.3) Partition Resource Summary
       8.4) Timing Report
            8.4.1) Clock Information
            8.4.2) Asynchronous Control Signals Information
            8.4.3) Timing Summary
            8.4.4) Timing Details
            8.4.5) Cross Clock Domains Report


=========================================================================
*                      Synthesis Options Summary                        *
=========================================================================
---- Source Parameters
Input File Name                    : "Mux16.prj"
Ignore Synthesis Constraint File   : NO

---- Target Parameters
Output File Name                   : "Mux16"
Output Format                      : NGC
Target Device                      : xc6slx16-3-csg324

---- Source Options
Top Module Name                    : Mux16
Automatic FSM Extraction           : YES
FSM Encoding Algorithm             : Auto
Safe Implementation                : No
FSM Style                          : LUT
RAM Extraction                     : Yes
RAM Style                          : Auto
ROM Extraction                     : Yes
Shift Register Extraction          : YES
ROM Style                          : Auto
Resource Sharing                   : YES
Asynchronous To Synchronous        : NO
Shift Register Minimum Size        : 2
Use DSP Block                      : Auto
Automatic Register Balancing       : No

---- Target Options
LUT Combining                      : Auto
Reduce Control Sets                : Auto
Add IO Buffers                     : YES
Global Maximum Fanout              : 100000
Add Generic Clock Buffer(BUFG)     : 16
Register Duplication               : YES
Optimize Instantiated Primitives   : NO
Use Clock Enable                   : Auto
Use Synchronous Set                : Auto
Use Synchronous Reset              : Auto
Pack IO Registers into IOBs        : Auto
Equivalent register Removal        : YES

---- General Options
Optimization Goal                  : Speed
Optimization Effort                : 1
Power Reduction                    : NO
Keep Hierarchy                     : No
Netlist Hierarchy                  : As_Optimized
RTL Output                         : Yes
Global Optimization                : AllClockNets
Read Cores                         : YES
Write Timing Constraints           : NO
Cross Clock Analysis               : NO
Hierarchy Separator                : /
Bus Delimiter                      : <>
Case Specifier                     : Maintain
Slice Utilization Ratio            : 100
BRAM Utilization Ratio             : 100
DSP48 Utilization Ratio            : 100
Auto BRAM Packing                  : NO
Slice Utilization Ratio Delta      : 5

=========================================================================


=========================================================================
*                          HDL Parsing                                  *
=========================================================================
Analyzing Verilog file "C:\Users\Max\Documents\School\Classes\ECE3710\ece-3710\ECE3710\Mux16.v" into library work
Parsing module <Mux16>.

=========================================================================
*                            HDL Elaboration                            *
=========================================================================

Elaborating module <Mux16>.
WARNING:HDLCompiler:91 - "C:\Users\Max\Documents\School\Classes\ECE3710\ece-3710\ECE3710\Mux16.v" Line 28: Signal <data_out0> missing in the sensitivity list is added for synthesis purposes. HDL and post-synthesis simulations may differ as a result.
WARNING:HDLCompiler:91 - "C:\Users\Max\Documents\School\Classes\ECE3710\ece-3710\ECE3710\Mux16.v" Line 29: Signal <data_out1> missing in the sensitivity list is added for synthesis purposes. HDL and post-synthesis simulations may differ as a result.
WARNING:HDLCompiler:91 - "C:\Users\Max\Documents\School\Classes\ECE3710\ece-3710\ECE3710\Mux16.v" Line 30: Signal <data_out2> missing in the sensitivity list is added for synthesis purposes. HDL and post-synthesis simulations may differ as a result.
WARNING:HDLCompiler:91 - "C:\Users\Max\Documents\School\Classes\ECE3710\ece-3710\ECE3710\Mux16.v" Line 31: Signal <data_out3> missing in the sensitivity list is added for synthesis purposes. HDL and post-synthesis simulations may differ as a result.
WARNING:HDLCompiler:91 - "C:\Users\Max\Documents\School\Classes\ECE3710\ece-3710\ECE3710\Mux16.v" Line 32: Signal <data_out4> missing in the sensitivity list is added for synthesis purposes. HDL and post-synthesis simulations may differ as a result.
WARNING:HDLCompiler:91 - "C:\Users\Max\Documents\School\Classes\ECE3710\ece-3710\ECE3710\Mux16.v" Line 33: Signal <data_out5> missing in the sensitivity list is added for synthesis purposes. HDL and post-synthesis simulations may differ as a result.
WARNING:HDLCompiler:91 - "C:\Users\Max\Documents\School\Classes\ECE3710\ece-3710\ECE3710\Mux16.v" Line 34: Signal <data_out6> missing in the sensitivity list is added for synthesis purposes. HDL and post-synthesis simulations may differ as a result.
WARNING:HDLCompiler:91 - "C:\Users\Max\Documents\School\Classes\ECE3710\ece-3710\ECE3710\Mux16.v" Line 35: Signal <data_out7> missing in the sensitivity list is added for synthesis purposes. HDL and post-synthesis simulations may differ as a result.
WARNING:HDLCompiler:91 - "C:\Users\Max\Documents\School\Classes\ECE3710\ece-3710\ECE3710\Mux16.v" Line 36: Signal <data_out8> missing in the sensitivity list is added for synthesis purposes. HDL and post-synthesis simulations may differ as a result.
WARNING:HDLCompiler:91 - "C:\Users\Max\Documents\School\Classes\ECE3710\ece-3710\ECE3710\Mux16.v" Line 37: Signal <data_out9> missing in the sensitivity list is added for synthesis purposes. HDL and post-synthesis simulations may differ as a result.
WARNING:HDLCompiler:91 - "C:\Users\Max\Documents\School\Classes\ECE3710\ece-3710\ECE3710\Mux16.v" Line 38: Signal <data_out10> missing in the sensitivity list is added for synthesis purposes. HDL and post-synthesis simulations may differ as a result.
WARNING:HDLCompiler:91 - "C:\Users\Max\Documents\School\Classes\ECE3710\ece-3710\ECE3710\Mux16.v" Line 39: Signal <data_out11> missing in the sensitivity list is added for synthesis purposes. HDL and post-synthesis simulations may differ as a result.
WARNING:HDLCompiler:91 - "C:\Users\Max\Documents\School\Classes\ECE3710\ece-3710\ECE3710\Mux16.v" Line 40: Signal <data_out12> missing in the sensitivity list is added for synthesis purposes. HDL and post-synthesis simulations may differ as a result.
WARNING:HDLCompiler:91 - "C:\Users\Max\Documents\School\Classes\ECE3710\ece-3710\ECE3710\Mux16.v" Line 41: Signal <data_out13> missing in the sensitivity list is added for synthesis purposes. HDL and post-synthesis simulations may differ as a result.
WARNING:HDLCompiler:91 - "C:\Users\Max\Documents\School\Classes\ECE3710\ece-3710\ECE3710\Mux16.v" Line 42: Signal <data_out14> missing in the sensitivity list is added for synthesis purposes. HDL and post-synthesis simulations may differ as a result.
WARNING:HDLCompiler:91 - "C:\Users\Max\Documents\School\Classes\ECE3710\ece-3710\ECE3710\Mux16.v" Line 43: Signal <data_out15> missing in the sensitivity list is added for synthesis purposes. HDL and post-synthesis simulations may differ as a result.

=========================================================================
*                           HDL Synthesis                               *
=========================================================================

Synthesizing Unit <Mux16>.
    Related source file is "C:\Users\Max\Documents\School\Classes\ECE3710\ece-3710\ECE3710\Mux16.v".
    Found 16-bit 16-to-1 multiplexer for signal <out> created at line 27.
    Summary:
	inferred   1 Multiplexer(s).
Unit <Mux16> synthesized.

=========================================================================
HDL Synthesis Report

Macro Statistics
# Multiplexers                                         : 1
 16-bit 16-to-1 multiplexer                            : 1

=========================================================================

=========================================================================
*                       Advanced HDL Synthesis                          *
=========================================================================


=========================================================================
Advanced HDL Synthesis Report

Macro Statistics
# Multiplexers                                         : 1
 16-bit 16-to-1 multiplexer                            : 1

=========================================================================

=========================================================================
*                         Low Level Synthesis                           *
=========================================================================

Optimizing unit <Mux16> ...

Mapping all equations...
Building and optimizing final netlist ...
Found area constraint ratio of 100 (+ 5) on block Mux16, actual ratio is 1.

Final Macro Processing ...

=========================================================================
Final Register Report

Found no macro
=========================================================================

=========================================================================
*                           Partition Report                            *
=========================================================================

Partition Implementation Status
-------------------------------

  No Partitions were found in this design.

-------------------------------

=========================================================================
*                            Design Summary                             *
=========================================================================

Top Level Output File Name         : Mux16.ngc

Primitive and Black Box Usage:
------------------------------
# BELS                             : 112
#      LUT6                        : 64
#      MUXF7                       : 32
#      MUXF8                       : 16
# IO Buffers                       : 276
#      IBUF                        : 260
#      OBUF                        : 16

Device utilization summary:
---------------------------

Selected Device : 6slx16csg324-3 


Slice Logic Utilization: 
 Number of Slice LUTs:                   64  out of   9112     0%  
    Number used as Logic:                64  out of   9112     0%  

Slice Logic Distribution: 
 Number of LUT Flip Flop pairs used:     64
   Number with an unused Flip Flop:      64  out of     64   100%  
   Number with an unused LUT:             0  out of     64     0%  
   Number of fully used LUT-FF pairs:     0  out of     64     0%  
   Number of unique control sets:         0

IO Utilization: 
 Number of IOs:                         276
 Number of bonded IOBs:                 276  out of    232   118% (*) 

Specific Feature Utilization:

WARNING:Xst:1336 -  (*) More than 100% of Device resources are used

---------------------------
Partition Resource Summary:
---------------------------

  No Partitions were found in this design.

---------------------------


=========================================================================
Timing Report

NOTE: THESE TIMING NUMBERS ARE ONLY A SYNTHESIS ESTIMATE.
      FOR ACCURATE TIMING INFORMATION PLEASE REFER TO THE TRACE REPORT
      GENERATED AFTER PLACE-and-ROUTE.

Clock Information:
------------------
No clock signals found in this design

Asynchronous Control Signals Information:
----------------------------------------
No asynchronous control signals found in this design

Timing Summary:
---------------
Speed Grade: -3

   Minimum period: No path found
   Minimum input arrival time before clock: No path found
   Maximum output required time after clock: No path found
   Maximum combinational path delay: 6.871ns

Timing Details:
---------------
All values displayed in nanoseconds (ns)

=========================================================================
Timing constraint: Default path analysis
  Total number of paths / destination ports: 432 / 16
-------------------------------------------------------------------------
Delay:               6.871ns (Levels of Logic = 5)
  Source:            select<1> (PAD)
  Destination:       out<15> (PAD)

  Data Path: select<1> to out<15>
                                Gate     Net
    Cell:in->out      fanout   Delay   Delay  Logical Name (Net Name)
    ----------------------------------------  ------------
     IBUF:I->O            64   1.222   2.004  select_1_IBUF (select_1_IBUF)
     LUT6:I0->O            1   0.203   0.000  Mmux_out_4 (Mmux_out_4)
     MUXF7:I1->O           1   0.140   0.000  Mmux_out_3_f7 (Mmux_out_3_f7)
     MUXF8:I1->O           1   0.152   0.579  Mmux_out_2_f8 (out_0_OBUF)
     OBUF:I->O                 2.571          out_0_OBUF (out<0>)
    ----------------------------------------
    Total                      6.871ns (4.288ns logic, 2.583ns route)
                                       (62.4% logic, 37.6% route)

=========================================================================

Cross Clock Domains Report:
--------------------------

=========================================================================


Total REAL time to Xst completion: 6.00 secs
Total CPU time to Xst completion: 5.88 secs
 
--> 

Total memory usage is 223756 kilobytes

Number of errors   :    0 (   0 filtered)
Number of warnings :   17 (   0 filtered)
Number of infos    :    0 (   0 filtered)

