Release 14.7 - xst P.20131013 (nt64)
Copyright (c) 1995-2013 Xilinx, Inc.  All rights reserved.
--> Parameter TMPDIR set to xst/projnav.tmp


Total REAL time to Xst completion: 1.00 secs
Total CPU time to Xst completion: 0.10 secs
 
--> Parameter xsthdpdir set to xst


Total REAL time to Xst completion: 1.00 secs
Total CPU time to Xst completion: 0.10 secs
 
--> Reading design: RegisterFile.prj

TABLE OF CONTENTS
  1) Synthesis Options Summary
  2) HDL Parsing
  3) HDL Elaboration
  4) HDL Synthesis
       4.1) HDL Synthesis Report
  5) Advanced HDL Synthesis
       5.1) Advanced HDL Synthesis Report
  6) Low Level Synthesis
  7) Partition Report
  8) Design Summary
       8.1) Primitive and Black Box Usage
       8.2) Device utilization summary
       8.3) Partition Resource Summary
       8.4) Timing Report
            8.4.1) Clock Information
            8.4.2) Asynchronous Control Signals Information
            8.4.3) Timing Summary
            8.4.4) Timing Details
            8.4.5) Cross Clock Domains Report


=========================================================================
*                      Synthesis Options Summary                        *
=========================================================================
---- Source Parameters
Input File Name                    : "RegisterFile.prj"
Ignore Synthesis Constraint File   : NO

---- Target Parameters
Output File Name                   : "RegisterFile"
Output Format                      : NGC
Target Device                      : xc6slx16-3-csg324

---- Source Options
Top Module Name                    : RegisterFile
Automatic FSM Extraction           : YES
FSM Encoding Algorithm             : Auto
Safe Implementation                : No
FSM Style                          : LUT
RAM Extraction                     : Yes
RAM Style                          : Auto
ROM Extraction                     : Yes
Shift Register Extraction          : YES
ROM Style                          : Auto
Resource Sharing                   : YES
Asynchronous To Synchronous        : NO
Shift Register Minimum Size        : 2
Use DSP Block                      : Auto
Automatic Register Balancing       : No

---- Target Options
LUT Combining                      : Auto
Reduce Control Sets                : Auto
Add IO Buffers                     : YES
Global Maximum Fanout              : 100000
Add Generic Clock Buffer(BUFG)     : 16
Register Duplication               : YES
Optimize Instantiated Primitives   : NO
Use Clock Enable                   : Auto
Use Synchronous Set                : Auto
Use Synchronous Reset              : Auto
Pack IO Registers into IOBs        : Auto
Equivalent register Removal        : YES

---- General Options
Optimization Goal                  : Speed
Optimization Effort                : 1
Power Reduction                    : NO
Keep Hierarchy                     : No
Netlist Hierarchy                  : As_Optimized
RTL Output                         : Yes
Global Optimization                : AllClockNets
Read Cores                         : YES
Write Timing Constraints           : NO
Cross Clock Analysis               : NO
Hierarchy Separator                : /
Bus Delimiter                      : <>
Case Specifier                     : Maintain
Slice Utilization Ratio            : 100
BRAM Utilization Ratio             : 100
DSP48 Utilization Ratio            : 100
Auto BRAM Packing                  : NO
Slice Utilization Ratio Delta      : 5

=========================================================================


=========================================================================
*                          HDL Parsing                                  *
=========================================================================
Analyzing Verilog file "C:\Users\Max\Documents\School\Classes\ECE3710\ece-3710\final2\Mux16.v" into library work
Parsing module <Mux16>.
Analyzing Verilog file "C:\Users\Max\Documents\School\Classes\ECE3710\ece-3710\final2\decoder.v" into library work
Parsing module <decoder4>.
Analyzing Verilog file "C:\Users\Max\Documents\School\Classes\ECE3710\ece-3710\final2\RegisterFile.v" into library work
Parsing module <RegisterFile>.

=========================================================================
*                            HDL Elaboration                            *
=========================================================================

Elaborating module <RegisterFile>.

Elaborating module <decoder4>.

Elaborating module <Mux16>.

=========================================================================
*                           HDL Synthesis                               *
=========================================================================

Synthesizing Unit <RegisterFile>.
    Related source file is "C:\Users\Max\Documents\School\Classes\ECE3710\ece-3710\final2\RegisterFile.v".
    Found 16-bit register for signal <data_out1>.
    Found 16-bit register for signal <data_out2>.
    Found 16-bit register for signal <data_out3>.
    Found 16-bit register for signal <data_out4>.
    Found 16-bit register for signal <data_out5>.
    Found 16-bit register for signal <data_out6>.
    Found 16-bit register for signal <data_out7>.
    Found 16-bit register for signal <data_out8>.
    Found 16-bit register for signal <data_out9>.
    Found 16-bit register for signal <data_out10>.
    Found 16-bit register for signal <data_out11>.
    Found 16-bit register for signal <data_out12>.
    Found 16-bit register for signal <data_out13>.
    Found 16-bit register for signal <data_out14>.
    Found 16-bit register for signal <data_out15>.
    Found 16-bit register for signal <led_out>.
    Found 16-bit register for signal <data_out0>.
    Summary:
	inferred 272 D-type flip-flop(s).
Unit <RegisterFile> synthesized.

Synthesizing Unit <decoder4>.
    Related source file is "C:\Users\Max\Documents\School\Classes\ECE3710\ece-3710\final2\decoder.v".
    Summary:
	inferred   1 Multiplexer(s).
Unit <decoder4> synthesized.

Synthesizing Unit <Mux16>.
    Related source file is "C:\Users\Max\Documents\School\Classes\ECE3710\ece-3710\final2\Mux16.v".
    Found 16-bit 16-to-1 multiplexer for signal <out> created at line 27.
    Summary:
	inferred   1 Multiplexer(s).
Unit <Mux16> synthesized.

=========================================================================
HDL Synthesis Report

Macro Statistics
# Registers                                            : 17
 16-bit register                                       : 17
# Multiplexers                                         : 3
 16-bit 16-to-1 multiplexer                            : 2
 16-bit 2-to-1 multiplexer                             : 1

=========================================================================

=========================================================================
*                       Advanced HDL Synthesis                          *
=========================================================================


=========================================================================
Advanced HDL Synthesis Report

Macro Statistics
# Registers                                            : 272
 Flip-Flops                                            : 272
# Multiplexers                                         : 33
 1-bit 16-to-1 multiplexer                             : 32
 16-bit 2-to-1 multiplexer                             : 1

=========================================================================

=========================================================================
*                         Low Level Synthesis                           *
=========================================================================

Optimizing unit <RegisterFile> ...

Mapping all equations...
Building and optimizing final netlist ...
Found area constraint ratio of 100 (+ 5) on block RegisterFile, actual ratio is 5.

Final Macro Processing ...

=========================================================================
Final Register Report

Macro Statistics
# Registers                                            : 272
 Flip-Flops                                            : 272

=========================================================================

=========================================================================
*                           Partition Report                            *
=========================================================================

Partition Implementation Status
-------------------------------

  No Partitions were found in this design.

-------------------------------

=========================================================================
*                            Design Summary                             *
=========================================================================

Top Level Output File Name         : RegisterFile.ngc

Primitive and Black Box Usage:
------------------------------
# BELS                             : 256
#      LUT5                        : 16
#      LUT6                        : 144
#      MUXF7                       : 64
#      MUXF8                       : 32
# FlipFlops/Latches                : 272
#      FD                          : 16
#      FDRE                        : 256
# Clock Buffers                    : 1
#      BUFGP                       : 1
# IO Buffers                       : 78
#      IBUF                        : 30
#      OBUF                        : 48

Device utilization summary:
---------------------------

Selected Device : 6slx16csg324-3 


Slice Logic Utilization: 
 Number of Slice Registers:             272  out of  18224     1%  
 Number of Slice LUTs:                  160  out of   9112     1%  
    Number used as Logic:               160  out of   9112     1%  

Slice Logic Distribution: 
 Number of LUT Flip Flop pairs used:    296
   Number with an unused Flip Flop:      24  out of    296     8%  
   Number with an unused LUT:           136  out of    296    45%  
   Number of fully used LUT-FF pairs:   136  out of    296    45%  
   Number of unique control sets:        17

IO Utilization: 
 Number of IOs:                          79
 Number of bonded IOBs:                  79  out of    232    34%  

Specific Feature Utilization:
 Number of BUFG/BUFGCTRLs:                1  out of     16     6%  

---------------------------
Partition Resource Summary:
---------------------------

  No Partitions were found in this design.

---------------------------


=========================================================================
Timing Report

NOTE: THESE TIMING NUMBERS ARE ONLY A SYNTHESIS ESTIMATE.
      FOR ACCURATE TIMING INFORMATION PLEASE REFER TO THE TRACE REPORT
      GENERATED AFTER PLACE-and-ROUTE.

Clock Information:
------------------
-----------------------------------+------------------------+-------+
Clock Signal                       | Clock buffer(FF name)  | Load  |
-----------------------------------+------------------------+-------+
clk                                | BUFGP                  | 272   |
-----------------------------------+------------------------+-------+

Asynchronous Control Signals Information:
----------------------------------------
No asynchronous control signals found in this design

Timing Summary:
---------------
Speed Grade: -3

   Minimum period: 1.199ns (Maximum Frequency: 833.855MHz)
   Minimum input arrival time before clock: 4.495ns
   Maximum output required time after clock: 4.973ns
   Maximum combinational path delay: 6.871ns

Timing Details:
---------------
All values displayed in nanoseconds (ns)

=========================================================================
Timing constraint: Default period analysis for Clock 'clk'
  Clock period: 1.199ns (frequency: 833.854MHz)
  Total number of paths / destination ports: 16 / 16
-------------------------------------------------------------------------
Delay:               1.199ns (Levels of Logic = 0)
  Source:            data_out15_0 (FF)
  Destination:       led_out_0 (FF)
  Source Clock:      clk rising
  Destination Clock: clk rising

  Data Path: data_out15_0 to led_out_0
                                Gate     Net
    Cell:in->out      fanout   Delay   Delay  Logical Name (Net Name)
    ----------------------------------------  ------------
     FDRE:C->Q             3   0.447   0.650  data_out15_0 (data_out15_0)
     FD:D                      0.102          led_out_0
    ----------------------------------------
    Total                      1.199ns (0.549ns logic, 0.650ns route)
                                       (45.8% logic, 54.2% route)

=========================================================================
Timing constraint: Default OFFSET IN BEFORE for Clock 'clk'
  Total number of paths / destination ports: 3072 / 768
-------------------------------------------------------------------------
Offset:              4.495ns (Levels of Logic = 2)
  Source:            enable<4> (PAD)
  Destination:       data_out3_0 (FF)
  Destination Clock: clk rising

  Data Path: enable<4> to data_out3_0
                                Gate     Net
    Cell:in->out      fanout   Delay   Delay  Logical Name (Net Name)
    ----------------------------------------  ------------
     IBUF:I->O            32   1.222   1.636  enable_4_IBUF (enable_4_IBUF)
     LUT6:I1->O           16   0.203   1.004  _n01411 (_n0141)
     FDRE:R                    0.430          data_out1_0
    ----------------------------------------
    Total                      4.495ns (1.855ns logic, 2.640ns route)
                                       (41.3% logic, 58.7% route)

=========================================================================
Timing constraint: Default OFFSET OUT AFTER for Clock 'clk'
  Total number of paths / destination ports: 528 / 48
-------------------------------------------------------------------------
Offset:              4.973ns (Levels of Logic = 4)
  Source:            data_out15_15 (FF)
  Destination:       out1<15> (PAD)
  Source Clock:      clk rising

  Data Path: data_out15_15 to out1<15>
                                Gate     Net
    Cell:in->out      fanout   Delay   Delay  Logical Name (Net Name)
    ----------------------------------------  ------------
     FDRE:C->Q             3   0.447   0.879  data_out15_15 (data_out15_15)
     LUT6:I3->O            1   0.205   0.000  mux6_4 (mux6_4)
     MUXF7:I1->O           1   0.140   0.000  mux6_3_f7 (mux6_3_f7)
     MUXF8:I1->O           1   0.152   0.579  mux6_2_f8 (out2_15_OBUF)
     OBUF:I->O                 2.571          out2_15_OBUF (out2<15>)
    ----------------------------------------
    Total                      4.973ns (3.515ns logic, 1.458ns route)
                                       (70.7% logic, 29.3% route)

=========================================================================
Timing constraint: Default path analysis
  Total number of paths / destination ports: 352 / 32
-------------------------------------------------------------------------
Delay:               6.871ns (Levels of Logic = 5)
  Source:            select1<1> (PAD)
  Destination:       out1<15> (PAD)

  Data Path: select1<1> to out1<15>
                                Gate     Net
    Cell:in->out      fanout   Delay   Delay  Logical Name (Net Name)
    ----------------------------------------  ------------
     IBUF:I->O            64   1.222   2.004  select1_1_IBUF (select1_1_IBUF)
     LUT6:I0->O            1   0.203   0.000  mux16_4 (mux16_4)
     MUXF7:I1->O           1   0.140   0.000  mux16_3_f7 (mux16_3_f7)
     MUXF8:I1->O           1   0.152   0.579  mux16_2_f8 (out1_0_OBUF)
     OBUF:I->O                 2.571          out1_0_OBUF (out1<0>)
    ----------------------------------------
    Total                      6.871ns (4.288ns logic, 2.583ns route)
                                       (62.4% logic, 37.6% route)

=========================================================================

Cross Clock Domains Report:
--------------------------

Clock to Setup on destination clock clk
---------------+---------+---------+---------+---------+
               | Src:Rise| Src:Fall| Src:Rise| Src:Fall|
Source Clock   |Dest:Rise|Dest:Rise|Dest:Fall|Dest:Fall|
---------------+---------+---------+---------+---------+
clk            |    1.199|         |         |         |
---------------+---------+---------+---------+---------+

=========================================================================


Total REAL time to Xst completion: 9.00 secs
Total CPU time to Xst completion: 8.51 secs
 
--> 

Total memory usage is 241124 kilobytes

Number of errors   :    0 (   0 filtered)
Number of warnings :    0 (   0 filtered)
Number of infos    :    0 (   0 filtered)

